<?xml version="1.0" encoding="UTF-8"?>
<testsuite xmlns:xsi="http://www.w3.org/2001/XMLSchema-instance" xsi:noNamespaceSchemaLocation="https://maven.apache.org/surefire/maven-surefire-plugin/xsd/surefire-test-report-3.0.xsd" version="3.0" name="examples.ExamplesTest" time="1.792" tests="1" errors="0" skipped="0" failures="0">
  <properties>
[...]
</properties>
  <testcase name="testParallel" classname="examples.ExamplesTest" time="1.786">
    <system-out><![CDATA[19:32:44.575 [main] DEBUG com.intuit.karate.Suite - [config] classpath:karate-config.js
19:32:44.579 [main] DEBUG com.intuit.karate.Suite - waiting for 11 features to complete
19:32:45.040 [pool-2-thread-4] INFO  com.intuit.karate - karate.env system property was: null 
19:32:45.040 [pool-2-thread-1] INFO  com.intuit.karate - karate.env system property was: null 
19:32:45.040 [pool-2-thread-5] INFO  com.intuit.karate - karate.env system property was: null 
19:32:45.040 [pool-2-thread-2] INFO  com.intuit.karate - karate.env system property was: null 
19:32:45.040 [pool-2-thread-3] INFO  com.intuit.karate - karate.env system property was: null 
19:32:45.085 [pool-2-thread-2] INFO  com.intuit.karate - karate.env system property was: null 
19:32:45.085 [pool-2-thread-3] INFO  com.intuit.karate - karate.env system property was: null 
19:32:45.085 [pool-2-thread-4] INFO  com.intuit.karate - karate.env system property was: null 
19:32:45.125 [pool-2-thread-1] INFO  com.intuit.karate - karate.env system property was: null 
19:32:45.231 [pool-2-thread-3] DEBUG com.intuit.karate - request:
1 > GET http://localhost:4001/api/saludar/Charly
1 > Host: localhost:4001
1 > Connection: Keep-Alive
1 > User-Agent: Apache-HttpClient/4.5.14 (Java/17.0.11)
1 > Accept-Encoding: gzip,deflate


19:32:45.231 [pool-2-thread-2] DEBUG com.intuit.karate - request:
1 > GET http://localhost:4001/api/saludar/Kozinski
1 > Host: localhost:4001
1 > Connection: Keep-Alive
1 > User-Agent: Apache-HttpClient/4.5.14 (Java/17.0.11)
1 > Accept-Encoding: gzip,deflate


19:32:45.231 [pool-2-thread-5] DEBUG com.intuit.karate - request:
1 > GET http://localhost:4001/api/hola
1 > Host: localhost:4001
1 > Connection: Keep-Alive
1 > User-Agent: Apache-HttpClient/4.5.14 (Java/17.0.11)
1 > Accept-Encoding: gzip,deflate


19:32:45.231 [pool-2-thread-4] DEBUG com.intuit.karate - request:
1 > GET https://jsonplaceholder.typicode.com/posts/80
1 > Host: jsonplaceholder.typicode.com
1 > Connection: Keep-Alive
1 > User-Agent: Apache-HttpClient/4.5.14 (Java/17.0.11)
1 > Accept-Encoding: gzip,deflate


19:32:45.231 [pool-2-thread-1] DEBUG com.intuit.karate - request:
1 > GET https://jsonplaceholder.typicode.com/posts/8
1 > Host: jsonplaceholder.typicode.com
1 > Connection: Keep-Alive
1 > User-Agent: Apache-HttpClient/4.5.14 (Java/17.0.11)
1 > Accept-Encoding: gzip,deflate


19:32:45.252 [pool-2-thread-5] DEBUG com.intuit.karate - response time in milliseconds: 20
1 < 200
1 < X-Powered-By: Express
1 < Content-Type: application/json; charset=utf-8
1 < Content-Length: 40
1 < ETag: W/"28-SLq0l4IYCZ31GYqJPl68eSL9rH4"
1 < Date: Mon, 26 Jan 2026 18:32:45 GMT
1 < Connection: keep-alive
1 < Keep-Alive: timeout=5
{"mensaje":"Hola Mundo desde Karate!!!"}

19:32:45.252 [pool-2-thread-2] DEBUG com.intuit.karate - response time in milliseconds: 20
1 < 200
1 < X-Powered-By: Express
1 < Content-Type: application/json; charset=utf-8
1 < Content-Length: 48
1 < ETag: W/"30-SacJCyQUjreqVQGa06WVnOsK39g"
1 < Date: Mon, 26 Jan 2026 18:32:45 GMT
1 < Connection: keep-alive
1 < Keep-Alive: timeout=5
{"mensaje":"Hola Kozinski!","nombre":"Kozinski"}

19:32:45.252 [pool-2-thread-3] DEBUG com.intuit.karate - response time in milliseconds: 20
1 < 200
1 < X-Powered-By: Express
1 < Content-Type: application/json; charset=utf-8
1 < Content-Length: 44
1 < ETag: W/"2c-w97vHyIMCF45QzHZQJqcjJNt7LA"
1 < Date: Mon, 26 Jan 2026 18:32:45 GMT
1 < Connection: keep-alive
1 < Keep-Alive: timeout=5
{"mensaje":"Hola Charly!","nombre":"Charly"}

19:32:45.262 [pool-2-thread-3] INFO  com.intuit.karate - karate.env system property was: null 
19:32:45.262 [pool-2-thread-2] INFO  com.intuit.karate - karate.env system property was: null 
19:32:45.267 [pool-2-thread-3] DEBUG com.intuit.karate - request:
1 > GET https://jsonplaceholder.typicode.com/posts?userId=3
1 > Host: jsonplaceholder.typicode.com
1 > Connection: Keep-Alive
1 > User-Agent: Apache-HttpClient/4.5.14 (Java/17.0.11)
1 > Accept-Encoding: gzip,deflate


19:32:45.283 [pool-2-thread-2] DEBUG com.intuit.karate - request:
1 > POST https://jsonplaceholder.typicode.com/posts
1 > Content-Type: application/json; charset=UTF-8
1 > Content-Length: 82
1 > Host: jsonplaceholder.typicode.com
1 > Connection: Keep-Alive
1 > User-Agent: Apache-HttpClient/4.5.14 (Java/17.0.11)
1 > Accept-Encoding: gzip,deflate
{"userId":7,"title":"Aumenta la venta de pitos y flautas","body":"Bla bla bla..."}

19:32:45.364 [pool-2-thread-3] DEBUG com.intuit.karate - response time in milliseconds: 96
1 < 200
1 < Date: Mon, 26 Jan 2026 18:32:45 GMT
1 < Content-Type: application/json; charset=utf-8
1 < Transfer-Encoding: chunked
1 < Connection: keep-alive
1 < access-control-allow-credentials: true
1 < Cache-Control: max-age=43200
1 < etag: W/"a65-1/mRNOhrr+3bFpMuWj+OXmTpWLs"
1 < expires: -1
1 < nel: {"report_to":"heroku-nel","response_headers":["Via"],"max_age":3600,"success_fraction":0.01,"failure_fraction":0.1}
1 < pragma: no-cache
1 < report-to: {"group":"heroku-nel","endpoints":[{"url":"https://nel.heroku.com/reports?s=K2EJkmvsM4E4yV14erhGMUZOAU0otgQLMXtz83eGGVE%3D\u0026sid=e11707d5-02a7-43ef-b45e-2cf4d2036f7d\u0026ts=1769191924"}],"max_age":3600}
1 < reporting-endpoints: heroku-nel="https://nel.heroku.com/reports?s=K2EJkmvsM4E4yV14erhGMUZOAU0otgQLMXtz83eGGVE%3D&sid=e11707d5-02a7-43ef-b45e-2cf4d2036f7d&ts=1769191924"
1 < Server: cloudflare
1 < vary: Origin, Accept-Encoding
1 < via: 2.0 heroku-router
1 < x-content-type-options: nosniff
1 < x-powered-by: Express
1 < x-ratelimit-limit: 1000
1 < x-ratelimit-remaining: 998
1 < x-ratelimit-reset: 1769191950
1 < Age: 897
1 < cf-cache-status: HIT
1 < Server-Timing: cfCacheStatus;desc="HIT"
1 < Server-Timing: cfEdge;dur=7,cfOrigin;dur=0
1 < CF-RAY: 9c421843ce850270-MAD
1 < alt-svc: h3=":443"; ma=86400
[
  {
    "userId": 3,
    "id": 21,
    "title": "asperiores ea ipsam voluptatibus modi minima quia sint",
    "body": "repellat aliquid praesentium dolorem quo\nsed totam minus non itaque\nnihil labore molestiae sunt dolor eveniet hic recusandae veniam\ntempora et tenetur expedita sunt"
  },
  {
    "userId": 3,
    "id": 22,
    "title": "dolor sint quo a velit explicabo quia nam",
    "body": "eos qui et ipsum ipsam suscipit aut\nsed omnis non odio\nexpedita earum mollitia molestiae aut atque rem suscipit\nnam impedit esse"
  },
  {
    "userId": 3,
    "id": 23,
    "title": "maxime id vitae nihil numquam",
    "body": "veritatis unde neque eligendi\nquae quod architecto quo neque vitae\nest illo sit tempora doloremque fugit quod\net et vel beatae sequi ullam sed tenetur perspiciatis"
  },
  {
    "userId": 3,
    "id": 24,
    "title": "autem hic labore sunt dolores incidunt",
    "body": "enim et ex nulla\nomnis voluptas quia qui\nvoluptatem consequatur numquam aliquam sunt\ntotam recusandae id dignissimos aut sed asperiores deserunt"
  },
  {
    "userId": 3,
    "id": 25,
    "title": "rem alias distinctio quo quis",
    "body": "ullam consequatur ut\nomnis quis sit vel consequuntur\nipsa eligendi ipsum molestiae et omnis error nostrum\nmolestiae illo tempore quia et distinctio"
  },
  {
    "userId": 3,
    "id": 26,
    "title": "est et quae odit qui non",
    "body": "similique esse doloribus nihil accusamus\nomnis dolorem fuga consequuntur reprehenderit fugit recusandae temporibus\nperspiciatis cum ut laudantium\nomnis aut molestiae vel vero"
  },
  {
    "userId": 3,
    "id": 27,
    "title": "quasi id et eos tenetur aut quo autem",
    "body": "eum sed dolores ipsam sint possimus debitis occaecati\ndebitis qui qui et\nut placeat enim earum aut odit facilis\nconsequatur suscipit necessitatibus rerum sed inventore temporibus consequatur"
  },
  {
    "userId": 3,
    "id": 28,
    "title": "delectus ullam et corporis nulla voluptas sequi",
    "body": "non et quaerat ex quae ad maiores\nmaiores recusandae totam aut blanditiis mollitia quas illo\nut voluptatibus voluptatem\nsimilique nostrum eum"
  },
  {
    "userId": 3,
    "id": 29,
    "title": "iusto eius quod necessitatibus culpa ea",
    "body": "odit magnam ut saepe sed non qui\ntempora atque nihil\naccusamus illum doloribus illo dolor\neligendi repudiandae odit magni similique sed cum maiores"
  },
  {
    "userId": 3,
    "id": 30,
    "title": "a quo magni similique perferendis",
    "body": "alias dolor cumque\nimpedit blanditiis non eveniet odio maxime\nblanditiis amet eius quis tempora quia autem rem\na provident perspiciatis quia"
  }
]

---------------------------------------------------------
feature: classpath:examples/karate_01_introduccion_lab/karate_01_introduccion.feature
scenarios:  4 | passed:  4 | failed:  0 | time: 0,0953
---------------------------------------------------------

19:32:45.442 [pool-3-thread-1] INFO  com.intuit.karate.Suite - <<pass>> feature 1 of 11 (10 remaining) classpath:examples/karate_01_introduccion_lab/karate_01_introduccion.feature
19:32:45.681 [pool-2-thread-2] DEBUG com.intuit.karate - response time in milliseconds: 397
1 < 201
1 < Date: Mon, 26 Jan 2026 18:32:45 GMT
1 < Content-Type: application/json; charset=utf-8
1 < Content-Length: 108
1 < Connection: keep-alive
1 < access-control-allow-credentials: true
1 < access-control-expose-headers: Location
1 < Cache-Control: no-cache
1 < etag: W/"6c-6oDbpvclHtJn4znVxOnTpY/T7qo"
1 < expires: -1
1 < location: https://jsonplaceholder.typicode.com/posts/101
1 < nel: {"report_to":"heroku-nel","response_headers":["Via"],"max_age":3600,"success_fraction":0.01,"failure_fraction":0.1}
1 < pragma: no-cache
1 < report-to: {"group":"heroku-nel","endpoints":[{"url":"https://nel.heroku.com/reports?s=1XG5tNnMYDRPcxvyQzcymKquyZNtdORBAOCm7pqcpxk%3D\u0026sid=e11707d5-02a7-43ef-b45e-2cf4d2036f7d\u0026ts=1769452365"}],"max_age":3600}
1 < reporting-endpoints: heroku-nel="https://nel.heroku.com/reports?s=1XG5tNnMYDRPcxvyQzcymKquyZNtdORBAOCm7pqcpxk%3D&sid=e11707d5-02a7-43ef-b45e-2cf4d2036f7d&ts=1769452365"
1 < Server: cloudflare
1 < vary: Origin, X-HTTP-Method-Override, Accept-Encoding
1 < via: 2.0 heroku-router
1 < x-content-type-options: nosniff
1 < x-powered-by: Express
1 < x-ratelimit-limit: 1000
1 < x-ratelimit-remaining: 999
1 < x-ratelimit-reset: 1769452381
1 < cf-cache-status: DYNAMIC
1 < Server-Timing: cfCacheStatus;desc="DYNAMIC"
1 < Server-Timing: cfEdge;dur=5,cfOrigin;dur=315
1 < CF-RAY: 9c421843ce25cc00-MAD
1 < alt-svc: h3=":443"; ma=86400
{
  "userId": 7,
  "title": "Aumenta la venta de pitos y flautas",
  "body": "Bla bla bla...",
  "id": 101
}

19:32:45.688 [pool-2-thread-4] DEBUG com.intuit.karate - response time in milliseconds: 455
1 < 200
1 < Date: Mon, 26 Jan 2026 18:32:45 GMT
1 < Content-Type: application/json; charset=utf-8
1 < Transfer-Encoding: chunked
1 < Connection: keep-alive
1 < access-control-allow-credentials: true
1 < Cache-Control: max-age=43200
1 < etag: W/"11c-0HY/hHFa5y+uiyBfjGo3n4UDzu8"
1 < expires: -1
1 < nel: {"report_to":"heroku-nel","response_headers":["Via"],"max_age":3600,"success_fraction":0.01,"failure_fraction":0.1}
1 < pragma: no-cache
1 < report-to: {"group":"heroku-nel","endpoints":[{"url":"https://nel.heroku.com/reports?s=1XG5tNnMYDRPcxvyQzcymKquyZNtdORBAOCm7pqcpxk%3D\u0026sid=e11707d5-02a7-43ef-b45e-2cf4d2036f7d\u0026ts=1769452365"}],"max_age":3600}
1 < reporting-endpoints: heroku-nel="https://nel.heroku.com/reports?s=1XG5tNnMYDRPcxvyQzcymKquyZNtdORBAOCm7pqcpxk%3D&sid=e11707d5-02a7-43ef-b45e-2cf4d2036f7d&ts=1769452365"
1 < Server: cloudflare
1 < vary: Origin, Accept-Encoding
1 < via: 2.0 heroku-router
1 < x-content-type-options: nosniff
1 < x-powered-by: Express
1 < x-ratelimit-limit: 1000
1 < x-ratelimit-remaining: 998
1 < x-ratelimit-reset: 1769452381
1 < Server-Timing: cfCacheStatus;desc="MISS"
1 < Server-Timing: cfEdge;dur=10,cfOrigin;dur=316
1 < cf-cache-status: MISS
1 < CF-RAY: 9c421843cca2cc03-MAD
1 < alt-svc: h3=":443"; ma=86400
{
  "userId": 8,
  "id": 80,
  "title": "labore in ex et explicabo corporis aut quas",
  "body": "ex quod dolorem ea eum iure qui provident amet\nquia qui facere excepturi et repudiandae\nasperiores molestias provident\nminus incidunt vero fugit rerum sint sunt excepturi provident"
}

19:32:45.689 [pool-2-thread-1] DEBUG com.intuit.karate - response time in milliseconds: 457
1 < 200
1 < Date: Mon, 26 Jan 2026 18:32:45 GMT
1 < Content-Type: application/json; charset=utf-8
1 < Transfer-Encoding: chunked
1 < Connection: keep-alive
1 < access-control-allow-credentials: true
1 < Cache-Control: max-age=43200
1 < etag: W/"104-Yd+P3vUk4gJ20H3qrEyZIqbProI"
1 < expires: -1
1 < nel: {"report_to":"heroku-nel","response_headers":["Via"],"max_age":3600,"success_fraction":0.01,"failure_fraction":0.1}
1 < pragma: no-cache
1 < report-to: {"group":"heroku-nel","endpoints":[{"url":"https://nel.heroku.com/reports?s=FpbcP%2F59HQ%2FHIHUnbzFc7V3tc1ffYFodpM17NMZeM5A%3D\u0026sid=e11707d5-02a7-43ef-b45e-2cf4d2036f7d\u0026ts=1768070910"}],"max_age":3600}
1 < reporting-endpoints: heroku-nel="https://nel.heroku.com/reports?s=FpbcP%2F59HQ%2FHIHUnbzFc7V3tc1ffYFodpM17NMZeM5A%3D&sid=e11707d5-02a7-43ef-b45e-2cf4d2036f7d&ts=1768070910"
1 < Server: cloudflare
1 < vary: Origin, Accept-Encoding
1 < via: 2.0 heroku-router
1 < x-content-type-options: nosniff
1 < x-powered-by: Express
1 < x-ratelimit-limit: 1000
1 < x-ratelimit-remaining: 999
1 < x-ratelimit-reset: 1768070932
1 < Server-Timing: cfCacheStatus;desc="REVALIDATED"
1 < Server-Timing: cfEdge;dur=9,cfOrigin;dur=321
1 < cf-cache-status: REVALIDATED
1 < CF-RAY: 9c421843c953a5f5-MAD
1 < alt-svc: h3=":443"; ma=86400
{
  "userId": 1,
  "id": 8,
  "title": "dolorem dolore est ipsam",
  "body": "dignissimos aperiam dolorem qui eum\nfacilis quibusdam animi sint suscipit qui sint possimus cum\nquaerat magni maiores excepturi\nipsam ut commodi dolor voluptatum modi aut vitae"
}

---------------------------------------------------------
feature: classpath:examples/karate_02_peticiones_http_lab/karate_01_peticiones_http_get.feature
scenarios:  6 | passed:  6 | failed:  0 | time: 1,8065
---------------------------------------------------------

19:32:45.815 [pool-3-thread-1] INFO  com.intuit.karate.Suite - <<pass>> feature 2 of 11 (9 remaining) classpath:examples/karate_02_peticiones_http_lab/karate_01_peticiones_http_get.feature
---------------------------------------------------------
feature: classpath:examples/karate_02_peticiones_http_lab/karate_02_peticiones_http_post.feature
scenarios:  1 | passed:  1 | failed:  0 | time: 0,4251
---------------------------------------------------------

19:32:45.837 [pool-3-thread-1] INFO  com.intuit.karate.Suite - <<pass>> feature 3 of 11 (8 remaining) classpath:examples/karate_02_peticiones_http_lab/karate_02_peticiones_http_post.feature
Karate version: 1.4.1
======================================================
elapsed:   1,58 | threads:    5 | thread time: 2,33 
features:     3 | skipped:    8 | efficiency: 0,29
scenarios:   11 | passed:    11 | failed: 0
======================================================

HTML report: (paste into browser to view) | Karate version: 1.4.1
file:///Users/angelisco1/Pronoide/mis-cursos/curso-webdriverio-karate-panel/karate/karate-lab/target/karate-reports/karate-summary.html
===================================================================

]]></system-out>
  </testcase>
</testsuite>