<?xml version="1.0" encoding="UTF-8"?>
<testsuite xmlns:xsi="http://www.w3.org/2001/XMLSchema-instance" xsi:noNamespaceSchemaLocation="https://maven.apache.org/surefire/maven-surefire-plugin/xsd/surefire-test-report-3.0.xsd" version="3.0" name="examples.ExamplesTest" time="2.011" tests="1" errors="0" skipped="0" failures="0">
  <properties>
[...]
</properties>
  <testcase name="testParallel" classname="examples.ExamplesTest" time="2.004">
    <system-out><![CDATA[19:24:24.067 [main] INFO  com.intuit.karate.Runner - using system property 'karate.options': --tags @mocks
19:24:24.411 [main] DEBUG com.intuit.karate.Suite - [config] classpath:karate-config.js
19:24:24.859 [main] INFO  com.intuit.karate - karate.env system property was: null 
19:24:24.911 [main] INFO  com.linecorp.armeria.common.Flags - verboseExceptionSampler: ExceptionSampler{rate-limit=10} (default)
19:24:24.912 [main] INFO  com.linecorp.armeria.common.Flags - verboseExceptions: rate-limit=10 (default)
19:24:24.912 [main] INFO  com.linecorp.armeria.common.Flags - preferredIpV4Addresses: * (default)
19:24:24.912 [main] INFO  com.linecorp.armeria.common.Flags - verboseSocketExceptions: false (default)
19:24:24.912 [main] INFO  com.linecorp.armeria.common.Flags - verboseResponses: false (default)
19:24:24.913 [main] INFO  com.linecorp.armeria.common.Flags - requestContextStorageProvider: thread-local (default)
19:24:24.913 [main] INFO  com.linecorp.armeria.common.Flags - warnNettyVersions: true (default)
19:24:25.096 [main] INFO  com.linecorp.armeria.common.Flags - useEpoll: false (default)
19:24:25.097 [main] INFO  com.linecorp.armeria.common.Flags - Using Kqueue
19:24:25.097 [main] INFO  com.linecorp.armeria.common.Flags - transportType: KQUEUE (default)
19:24:25.097 [main] INFO  com.linecorp.armeria.common.Flags - maxNumConnections: 2147483647 (default)
19:24:25.097 [main] INFO  com.linecorp.armeria.common.Flags - numCommonWorkers: 22 (default)
19:24:25.097 [main] INFO  com.linecorp.armeria.common.Flags - numCommonBlockingTaskThreads: 200 (default)
19:24:25.097 [main] INFO  com.linecorp.armeria.common.Flags - defaultMaxRequestLength: 10485760 (default)
19:24:25.098 [main] INFO  com.linecorp.armeria.common.Flags - defaultMaxResponseLength: 10485760 (default)
19:24:25.098 [main] INFO  com.linecorp.armeria.common.Flags - defaultRequestTimeoutMillis: 10000 (default)
19:24:25.098 [main] INFO  com.linecorp.armeria.common.Flags - defaultResponseTimeoutMillis: 15000 (default)
19:24:25.098 [main] INFO  com.linecorp.armeria.common.Flags - defaultConnectTimeoutMillis: 3200 (default)
19:24:25.098 [main] INFO  com.linecorp.armeria.common.Flags - defaultWriteTimeoutMillis: 1000 (default)
19:24:25.098 [main] INFO  com.linecorp.armeria.common.Flags - defaultServerIdleTimeoutMillis: 15000 (default)
19:24:25.098 [main] INFO  com.linecorp.armeria.common.Flags - defaultServerKeepAliveOnPing: false (default)
19:24:25.099 [main] INFO  com.linecorp.armeria.common.Flags - defaultClientIdleTimeoutMillis: 10000 (default)
19:24:25.099 [main] INFO  com.linecorp.armeria.common.Flags - defaultClientKeepAliveOnPing: false (default)
19:24:25.099 [main] INFO  com.linecorp.armeria.common.Flags - defaultPingIntervalMillis: 0 (default)
19:24:25.099 [main] INFO  com.linecorp.armeria.common.Flags - defaultMaxServerNumRequestsPerConnection: 0 (default)
19:24:25.099 [main] INFO  com.linecorp.armeria.common.Flags - defaultMaxClientNumRequestsPerConnection: 0 (default)
19:24:25.099 [main] INFO  com.linecorp.armeria.common.Flags - defaultMaxServerConnectionAgeMillis: 0 (default)
19:24:25.099 [main] INFO  com.linecorp.armeria.common.Flags - defaultMaxClientConnectionAgeMillis: 0 (default)
19:24:25.099 [main] INFO  com.linecorp.armeria.common.Flags - defaultServerConnectionDrainDurationMicros: 1000000 (default)
19:24:25.100 [main] INFO  com.linecorp.armeria.common.Flags - defaultHttp2InitialConnectionWindowSize: 1048576 (default)
19:24:25.100 [main] INFO  com.linecorp.armeria.common.Flags - defaultHttp2InitialStreamWindowSize: 1048576 (default)
19:24:25.100 [main] INFO  com.linecorp.armeria.common.Flags - defaultHttp2MaxFrameSize: 16384 (default)
19:24:25.100 [main] INFO  com.linecorp.armeria.common.Flags - defaultHttp2MaxStreamsPerConnection: 2147483647 (default)
19:24:25.100 [main] INFO  com.linecorp.armeria.common.Flags - defaultHttp2MaxHeaderListSize: 8192 (default)
19:24:25.100 [main] INFO  com.linecorp.armeria.common.Flags - defaultHttp1MaxInitialLineLength: 4096 (default)
19:24:25.100 [main] INFO  com.linecorp.armeria.common.Flags - defaultHttp1MaxHeaderSize: 8192 (default)
19:24:25.101 [main] INFO  com.linecorp.armeria.common.Flags - defaultHttp1MaxChunkSize: 8192 (default)
19:24:25.101 [main] INFO  com.linecorp.armeria.common.Flags - defaultUseHttp2Preface: true (default)
19:24:25.101 [main] INFO  com.linecorp.armeria.common.Flags - defaultUseHttp2WithoutAlpn: false (default)
19:24:25.101 [main] INFO  com.linecorp.armeria.common.Flags - defaultUseHttp1Pipelining: false (default)
19:24:25.104 [main] INFO  com.linecorp.armeria.common.Flags - defaultBackoffSpec: exponential=200:10000,jitter=0.2 (default)
19:24:25.104 [main] INFO  com.linecorp.armeria.common.Flags - defaultMaxTotalAttempts: 10 (default)
19:24:25.104 [main] INFO  com.linecorp.armeria.common.Flags - defaultRequestAutoAbortDelayMillis: 0 (default)
19:24:25.108 [main] INFO  com.linecorp.armeria.common.Flags - routeCacheSpec: maximumSize=4096 (default)
19:24:25.108 [main] INFO  com.linecorp.armeria.common.Flags - routeDecoratorCacheSpec: maximumSize=4096 (default)
19:24:25.108 [main] INFO  com.linecorp.armeria.common.Flags - parsedPathCacheSpec: maximumSize=4096 (default)
19:24:25.108 [main] INFO  com.linecorp.armeria.common.Flags - headerValueCacheSpec: maximumSize=4096 (default)
19:24:25.108 [main] INFO  com.linecorp.armeria.common.Flags - cachedHeaders: [:authority, :scheme, :method, accept-encoding, content-type] (default)
19:24:25.108 [main] INFO  com.linecorp.armeria.common.Flags - fileServiceCacheSpec: maximumSize=1024 (default)
19:24:25.109 [main] INFO  com.linecorp.armeria.common.Flags - dnsCacheSpec: maximumSize=4096 (default)
19:24:25.109 [main] INFO  com.linecorp.armeria.common.Flags - annotatedServiceExceptionVerbosity: unhandled (default)
19:24:25.109 [main] INFO  com.linecorp.armeria.common.Flags - useJdkDnsResolver: false (default)
19:24:25.109 [main] INFO  com.linecorp.armeria.common.Flags - reportBlockedEventLoop: true (default)
19:24:25.109 [main] INFO  com.linecorp.armeria.common.Flags - reportMaskedRoutes: true (default)
19:24:25.109 [main] INFO  com.linecorp.armeria.common.Flags - validateHeaders: true (default)
19:24:25.109 [main] INFO  com.linecorp.armeria.common.Flags - tlsAllowUnsafeCiphers: false (default)
19:24:25.110 [main] INFO  com.linecorp.armeria.common.Flags - transientServiceOptions: [] (default)
19:24:25.110 [main] INFO  com.linecorp.armeria.common.Flags - useLegacyRouteDecoratorOrdering: false (default)
19:24:25.110 [main] INFO  com.linecorp.armeria.common.Flags - useDefaultSocketOptions: true (default)
19:24:25.110 [main] INFO  com.linecorp.armeria.common.Flags - allowDoubleDotsInQueryString: false (default)
19:24:25.110 [main] INFO  com.linecorp.armeria.common.Flags - allowSemicolonInPathComponent: false (default)
19:24:25.110 [main] INFO  com.linecorp.armeria.common.Flags - defaultMultipartUploadsLocation: /var/folders/rp/0nb9h1wd69v3y__1m74x5wcr0000gn/T/armeria/multipart-uploads (default)
19:24:25.111 [main] INFO  com.linecorp.armeria.common.Flags - requestContextLeakDetectionSampler: never (default)
19:24:25.113 [main] INFO  com.linecorp.armeria.common.Flags - meterRegistry: io.micrometer.core.instrument.composite.CompositeMeterRegistry@5099c59b (default)
19:24:25.114 [main] INFO  com.linecorp.armeria.common.Flags - defaultUnhandledExceptionsReportIntervalMillis: 10000 (default)
19:24:25.156 [main] INFO  com.intuit.karate - mock server initialized: /Users/angelisco1/Pronoide/mis-cursos/curso-webdriverio-karate-panel/karate/karate-lab/target/test-classes/mocks/jsonplaceholder-mock.feature
19:24:25.172 [main] INFO  c.l.armeria.common.util.SystemInfo - hostname: macbook-pro-de-angel.local (from 'hostname' command)
19:24:25.220 [armeria-boss-http-*:63300] INFO  com.linecorp.armeria.server.Server - Serving HTTP at /[0:0:0:0:0:0:0:0%0]:63300 - http://127.0.0.1:63300/
19:24:25.220 [main] DEBUG com.intuit.karate.http.HttpServer - server started: macbook-pro-de-angel.local:63300
19:24:25.309 [main] DEBUG com.intuit.karate - request:
1 > GET http://localhost:63300/posts/1
1 > Host: localhost:63300
1 > Connection: Keep-Alive
1 > User-Agent: Apache-HttpClient/4.5.14 (Java/17.0.11)
1 > Accept-Encoding: gzip,deflate


19:24:25.367 [armeria-common-worker-kqueue-3-1] INFO  c.l.a.i.common.JavaVersionSpecific - Using the APIs optimized for: Java 12+
19:24:25.395 [armeria-common-worker-kqueue-3-1] DEBUG com.intuit.karate - scenario matched at line 6: methodIs('get') && pathMatches('/posts/1')
19:24:25.412 [main] DEBUG com.intuit.karate - response time in milliseconds: 102
1 < 200
1 < content-type: application/json
1 < content-length: 80
1 < server: Armeria/1.25.2
1 < date: Wed, 28 Jan 2026 18:24:25 GMT
{"id":1,"title":"Un título cualquiera","body":"Un post cualquiera","userId":10}

19:24:25.424 [main] INFO  com.intuit.karate - karate.env system property was: null 
19:24:25.429 [main] INFO  com.intuit.karate - mock server initialized: /Users/angelisco1/Pronoide/mis-cursos/curso-webdriverio-karate-panel/karate/karate-lab/target/test-classes/mocks/jsonplaceholder-mock.feature
19:24:25.431 [armeria-boss-http-*:63302] INFO  com.linecorp.armeria.server.Server - Serving HTTP at /[0:0:0:0:0:0:0:0%0]:63302 - http://127.0.0.1:63302/
19:24:25.431 [main] DEBUG com.intuit.karate.http.HttpServer - server started: macbook-pro-de-angel.local:63302
19:24:25.433 [main] DEBUG com.intuit.karate - request:
1 > GET http://localhost:63302/posts?userId=9
1 > Host: localhost:63302
1 > Connection: Keep-Alive
1 > User-Agent: Apache-HttpClient/4.5.14 (Java/17.0.11)
1 > Accept-Encoding: gzip,deflate


19:24:25.443 [armeria-common-worker-kqueue-3-2] DEBUG com.intuit.karate - scenario matched at line 18: methodIs('get') && pathMatches('/posts') && paramExists('userId')
19:24:25.453 [main] DEBUG com.intuit.karate - response time in milliseconds: 19
1 < 200
1 < content-type: application/json
1 < content-length: 175
1 < server: Armeria/1.25.2
1 < date: Wed, 28 Jan 2026 18:24:25 GMT
[{"id":12,"title":"Un título cualquiera 12","body":"Un post cualquiera 12","userId":9},{"id":18,"title":"Un título cualquiera 18","body":"Un post cualquiera 18","userId":9}]

19:24:25.461 [main] INFO  com.intuit.karate - karate.env system property was: null 
19:24:25.466 [main] INFO  com.intuit.karate - mock server initialized: /Users/angelisco1/Pronoide/mis-cursos/curso-webdriverio-karate-panel/karate/karate-lab/target/test-classes/mocks/jsonplaceholder-mock.feature
19:24:25.467 [armeria-boss-http-*:63304] INFO  com.linecorp.armeria.server.Server - Serving HTTP at /[0:0:0:0:0:0:0:0%0]:63304 - http://127.0.0.1:63304/
19:24:25.468 [main] DEBUG com.intuit.karate.http.HttpServer - server started: macbook-pro-de-angel.local:63304
19:24:25.471 [main] DEBUG com.intuit.karate - request:
1 > POST http://localhost:63304/posts
1 > Content-Type: application/json; charset=UTF-8
1 > Content-Length: 71
1 > Host: localhost:63304
1 > Connection: Keep-Alive
1 > User-Agent: Apache-HttpClient/4.5.14 (Java/17.0.11)
1 > Accept-Encoding: gzip,deflate
{"title":"Un nuevo post","body":"El body de un nuevo post","userId":12}

19:24:25.489 [armeria-common-worker-kqueue-3-3] DEBUG com.intuit.karate - scenario matched at line 39: methodIs('post') && pathMatches('/posts')
19:24:25.492 [main] DEBUG com.intuit.karate - response time in milliseconds: 21
1 < 201
1 < content-type: application/json
1 < content-length: 80
1 < server: Armeria/1.25.2
1 < date: Wed, 28 Jan 2026 18:24:25 GMT
{"id":110,"title":"Un nuevo post","body":"El body de un nuevo post","userId":12}

19:24:25.495 [main] INFO  com.intuit.karate - karate.env system property was: null 
19:24:25.500 [main] INFO  com.intuit.karate - mock server initialized: /Users/angelisco1/Pronoide/mis-cursos/curso-webdriverio-karate-panel/karate/karate-lab/target/test-classes/mocks/jsonplaceholder-mock.feature
19:24:25.501 [armeria-boss-http-*:63306] INFO  com.linecorp.armeria.server.Server - Serving HTTP at /[0:0:0:0:0:0:0:0%0]:63306 - http://127.0.0.1:63306/
19:24:25.501 [main] DEBUG com.intuit.karate.http.HttpServer - server started: macbook-pro-de-angel.local:63306
19:24:25.502 [main] DEBUG com.intuit.karate - request:
1 > DELETE http://localhost:63306/posts/5
1 > Host: localhost:63306
1 > Connection: Keep-Alive
1 > User-Agent: Apache-HttpClient/4.5.14 (Java/17.0.11)
1 > Accept-Encoding: gzip,deflate


19:24:25.512 [armeria-common-worker-kqueue-3-4] DEBUG com.intuit.karate - scenario matched at line 53: methodIs('delete')
19:24:25.514 [main] DEBUG com.intuit.karate - response time in milliseconds: 12
1 < 204
1 < server: Armeria/1.25.2
1 < date: Wed, 28 Jan 2026 18:24:25 GMT


19:24:25.517 [main] INFO  com.intuit.karate - karate.env system property was: null 
19:24:25.521 [main] INFO  com.intuit.karate - mock server initialized: /Users/angelisco1/Pronoide/mis-cursos/curso-webdriverio-karate-panel/karate/karate-lab/target/test-classes/mocks/jsonplaceholder-mock.feature
19:24:25.522 [armeria-boss-http-*:63308] INFO  com.linecorp.armeria.server.Server - Serving HTTP at /[0:0:0:0:0:0:0:0%0]:63308 - http://127.0.0.1:63308/
19:24:25.523 [main] DEBUG com.intuit.karate.http.HttpServer - server started: macbook-pro-de-angel.local:63308
19:24:25.525 [main] DEBUG com.intuit.karate - request:
1 > GET http://localhost:63308/users/12
1 > Host: localhost:63308
1 > Connection: Keep-Alive
1 > User-Agent: Apache-HttpClient/4.5.14 (Java/17.0.11)
1 > Accept-Encoding: gzip,deflate


19:24:25.534 [armeria-common-worker-kqueue-3-5] DEBUG com.intuit.karate - scenario matched at line 58: methodIs('get') && pathMatches('/users/{id}')
19:24:25.535 [main] DEBUG com.intuit.karate - response time in milliseconds: 10
1 < 200
1 < content-type: application/json
1 < content-length: 402
1 < server: Armeria/1.25.2
1 < date: Wed, 28 Jan 2026 18:24:25 GMT
{"id":12,"name":"Charly Falco","username":"cfalco","email":"cfalco@gmail.com","address":{"street":"Kulas Light","suite":"Apt. 556","city":"Gwenborough","zipcode":"92998-3874","geo":{"lat":"-37.3159","lng":"81.1496"}},"phone":"1-770-736-8031 x56442","website":"hildegard.org","company":{"name":"Romaguera-Crona","catchPhrase":"Multi-layered client-server neural-net","bs":"harness real-time e-markets"}}

19:24:25.537 [main] INFO  com.intuit.karate - [print] 12 
---------------------------------------------------------
feature: classpath:examples/karate_07_mocks_lab/karate_01_mocks.feature
scenarios:  5 | passed:  5 | failed:  0 | time: 0,6441
---------------------------------------------------------

19:24:25.867 [main] INFO  com.intuit.karate.Suite - <<pass>> feature 12 of 12 (0 remaining) classpath:examples/karate_07_mocks_lab/karate_01_mocks.feature
19:24:25.867 [main] DEBUG com.intuit.karate.Suite - waiting for 12 features to complete
Karate version: 1.4.1
======================================================
elapsed:   1,81 | threads:    1 | thread time: 0,64 
features:     1 | skipped:   11 | efficiency: 0,36
scenarios:    5 | passed:     5 | failed: 0
======================================================

HTML report: (paste into browser to view) | Karate version: 1.4.1
file:///Users/angelisco1/Pronoide/mis-cursos/curso-webdriverio-karate-panel/karate/karate-lab/target/karate-reports/karate-summary.html
===================================================================

]]></system-out>
  </testcase>
</testsuite>